  64 bit Processing .\drsr.idl
  drsr.idl
  64 bit Processing C:\Program Files (x86)\Windows Kits\8.1\Include\shared\wtypesbase.idl
  wtypesbase.idl
  64 bit Processing C:\Program Files (x86)\Windows Kits\8.1\Include\shared\basetsd.h
  basetsd.h
  64 bit Processing C:\Program Files (x86)\Windows Kits\8.1\Include\shared\guiddef.h
  guiddef.h
  64 bit Processing .\drsr_imports.idl
  drsr_imports.idl
  stdafx.cpp
  AssemblyInfo.cpp
  DrsConnection.cpp
  drsr_addons.cpp
  drsr_alloc.cpp
  midl_alloc.cpp
  RpcTypeConverter.cpp
  Generating Code...
  drsr.cpp
  .NETFramework,Version=v4.5.1.AssemblyAttributes.cpp
  LINK : /LTCG specified but no code generation required; remove /LTCG from the link command line to improve linker performance
  DSInternals.Replication.Interop.vcxproj -> C:\Users\fmc\Source\Repos\creddefense\Src\\..\Build\bin\Release\DSInternals\amd64\DSInternals.Replication.Interop.dll
  C:\Program Files (x86)\Microsoft Visual Studio 14.0\VC\\redist\x64\Microsoft.VC140.CRT\msvcp140.dll
  1 File(s) copied
  C:\Program Files (x86)\Microsoft Visual Studio 14.0\VC\\redist\x64\Microsoft.VC140.CRT\vcruntime140.dll
  1 File(s) copied
