c:\users\fmc666666\source\repos\creddefense\build\obj\release\dsinternals.replication.interop\amd64\dsinternals.replication.interop.pch
c:\users\fmc666666\source\repos\creddefense\build\obj\release\dsinternals.replication.interop\amd64\vc140.pdb
c:\users\fmc666666\source\repos\creddefense\build\obj\release\dsinternals.replication.interop\amd64\stdafx.obj
c:\users\fmc666666\source\repos\creddefense\build\obj\release\dsinternals.replication.interop\amd64\rpctypeconverter.obj
c:\users\fmc666666\source\repos\creddefense\build\obj\release\dsinternals.replication.interop\amd64\midl_alloc.obj
c:\users\fmc666666\source\repos\creddefense\build\obj\release\dsinternals.replication.interop\amd64\drsr_alloc.obj
c:\users\fmc666666\source\repos\creddefense\build\obj\release\dsinternals.replication.interop\amd64\drsr_addons.obj
c:\users\fmc666666\source\repos\creddefense\build\obj\release\dsinternals.replication.interop\amd64\drsconnection.obj
c:\users\fmc666666\source\repos\creddefense\build\obj\release\dsinternals.replication.interop\amd64\assemblyinfo.obj
c:\users\fmc666666\source\repos\creddefense\build\obj\release\dsinternals.replication.interop\amd64\drsr.obj
c:\users\fmc666666\source\repos\creddefense\build\obj\release\dsinternals.replication.interop\amd64\.netframework,version=v4.5.1.assemblyattributes.obj
c:\users\fmc666666\source\repos\creddefense\build\obj\release\dsinternals.replication.interop\amd64\.netframework,version=v4.5.1.assemblyattributes.asm
c:\users\fmc666666\source\repos\creddefense\build\bin\release\dsinternals\amd64\msvcr140.dll
c:\users\fmc666666\source\repos\creddefense\build\bin\release\dsinternals\amd64\msvcp140.dll
c:\users\fmc666666\source\repos\creddefense\build\bin\release\dsinternals\amd64\vcruntime140.dll
c:\users\fmc666666\source\repos\creddefense\build\bin\release\dsinternals\amd64\dsinternals.replication.interop.dll
c:\users\fmc666666\source\repos\creddefense\build\obj\release\dsinternals.replication.interop\amd64\dsintern.a70a6658.tlog\metagen.write.1.tlog
c:\users\fmc666666\source\repos\creddefense\src\dsinternals.replication.interop\drsr.cpp
c:\users\fmc666666\source\repos\creddefense\src\dsinternals.replication.interop\drsr.h
c:\users\fmc666666\source\repos\creddefense\build\obj\release\dsinternals.replication.interop\amd64\version.res
c:\users\fmc666666\source\repos\creddefense\build\obj\release\dsinternals.replication.interop\amd64\dsinternals.replication.interop.vcxprojresolveassemblyreference.cache
c:\users\fmc666666\source\repos\creddefense\src\\..\build\bin\release\dsinternals\amd64\dsinternals.replication.interop.dll
c:\users\fmc666666\source\repos\creddefense\build\obj\release\dsinternals.replication.interop\amd64\dsintern.a70a6658.tlog\cl.command.1.tlog
c:\users\fmc666666\source\repos\creddefense\build\obj\release\dsinternals.replication.interop\amd64\dsintern.a70a6658.tlog\cl.read.1.tlog
c:\users\fmc666666\source\repos\creddefense\build\obj\release\dsinternals.replication.interop\amd64\dsintern.a70a6658.tlog\cl.write.1.tlog
c:\users\fmc666666\source\repos\creddefense\build\obj\release\dsinternals.replication.interop\amd64\dsintern.a70a6658.tlog\dsinternals.replication.interop.write.1u.tlog
c:\users\fmc666666\source\repos\creddefense\build\obj\release\dsinternals.replication.interop\amd64\dsintern.a70a6658.tlog\link.command.1.tlog
c:\users\fmc666666\source\repos\creddefense\build\obj\release\dsinternals.replication.interop\amd64\dsintern.a70a6658.tlog\link.read.1.tlog
c:\users\fmc666666\source\repos\creddefense\build\obj\release\dsinternals.replication.interop\amd64\dsintern.a70a6658.tlog\link.write.1.tlog
c:\users\fmc666666\source\repos\creddefense\build\obj\release\dsinternals.replication.interop\amd64\dsintern.a70a6658.tlog\metagen.read.1.tlog
c:\users\fmc666666\source\repos\creddefense\build\obj\release\dsinternals.replication.interop\amd64\dsintern.a70a6658.tlog\midl.command.1.tlog
c:\users\fmc666666\source\repos\creddefense\build\obj\release\dsinternals.replication.interop\amd64\dsintern.a70a6658.tlog\midl.read.1.tlog
c:\users\fmc666666\source\repos\creddefense\build\obj\release\dsinternals.replication.interop\amd64\dsintern.a70a6658.tlog\midl.write.1.tlog
c:\users\fmc666666\source\repos\creddefense\build\obj\release\dsinternals.replication.interop\amd64\dsintern.a70a6658.tlog\rc.command.1.tlog
c:\users\fmc666666\source\repos\creddefense\build\obj\release\dsinternals.replication.interop\amd64\dsintern.a70a6658.tlog\rc.read.1.tlog
c:\users\fmc666666\source\repos\creddefense\build\obj\release\dsinternals.replication.interop\amd64\dsintern.a70a6658.tlog\rc.write.1.tlog
c:\users\fmc666666\source\repos\creddefense\build\obj\release\dsinternals.replication.interop\amd64\dsintern.a70a6658.tlog\dsinternals.common.dll.metagen
c:\users\fmc666666\source\repos\creddefense\build\obj\release\dsinternals.replication.interop\amd64\dsintern.a70a6658.tlog\dsinternals.replication.model.dll.metagen
c:\users\fmc666666\source\repos\creddefense\build\obj\release\dsinternals.replication.interop\amd64\dsintern.a70a6658.tlog\rsaenh.dll.bi
c:\users\fmc666666\source\repos\creddefense\build\obj\release\dsinternals.replication.interop\amd64\dsintern.a70a6658.tlog\tzres.dll.bi
