c:\users\fmc\source\repos\creddefense\src\epf\temp\x64\easypasswordfilter.pch
c:\users\fmc\source\repos\creddefense\src\epf\temp\x64\vc140.pdb
c:\users\fmc\source\repos\creddefense\src\epf\temp\x64\stdafx.obj
c:\users\fmc\source\repos\creddefense\src\epf\temp\x64\dllmain.obj
c:\users\fmc\source\repos\creddefense\src\epf\temp\x64\easypasswordfilter.obj
c:\users\fmc\source\repos\creddefense\src\epf\builds\x64\easypasswordfilter.lib
c:\users\fmc\source\repos\creddefense\src\epf\builds\x64\easypasswordfilter.exp
c:\users\fmc\source\repos\creddefense\src\epf\builds\x64\easypasswordfilter.dll
c:\users\fmc\source\repos\creddefense\src\epf\builds\x64\easypasswordfilter.ipdb
c:\users\fmc\source\repos\creddefense\src\epf\builds\x64\easypasswordfilter.iobj
c:\users\fmc\source\repos\creddefense\src\epf\builds\x64\easypasswordfilter.pdb
c:\users\fmc\source\repos\creddefense\src\epf\easypasswordfilter\..\builds\x64\easypasswordfilter.pdb
c:\users\fmc\source\repos\creddefense\src\epf\easypasswordfilter\..\builds\x64\easypasswordfilter.dll
c:\users\fmc\source\repos\creddefense\src\epf\temp\x64\easypass.76836db9.tlog\cl.command.1.tlog
c:\users\fmc\source\repos\creddefense\src\epf\temp\x64\easypass.76836db9.tlog\cl.read.1.tlog
c:\users\fmc\source\repos\creddefense\src\epf\temp\x64\easypass.76836db9.tlog\cl.write.1.tlog
c:\users\fmc\source\repos\creddefense\src\epf\temp\x64\easypass.76836db9.tlog\easypasswordfilter.write.1u.tlog
c:\users\fmc\source\repos\creddefense\src\epf\temp\x64\easypass.76836db9.tlog\link.command.1.tlog
c:\users\fmc\source\repos\creddefense\src\epf\temp\x64\easypass.76836db9.tlog\link.read.1.tlog
c:\users\fmc\source\repos\creddefense\src\epf\temp\x64\easypass.76836db9.tlog\link.write.1.tlog
